CRITICAL - 2026-03-03 13:15:22 --> ErrorException: Undefined array key "parent_id"
[Method: POST, Route: api/categories]
in APPPATH\Controllers\Api\Categories.php on line 43.
 1 APPPATH\Controllers\Api\Categories.php(43): CodeIgniter\Debug\Exceptions->errorHandler()
 2 SYSTEMPATH\CodeIgniter.php(951): App\Controllers\Api\Categories->create()
 3 SYSTEMPATH\CodeIgniter.php(497): CodeIgniter\CodeIgniter->runController()
 4 SYSTEMPATH\CodeIgniter.php(340): CodeIgniter\CodeIgniter->handleRequest()
 5 SYSTEMPATH\Boot.php(417): CodeIgniter\CodeIgniter->run()
 6 SYSTEMPATH\Boot.php(68): CodeIgniter\Boot::runCodeIgniter()
 7 FCPATH\index.php(59): CodeIgniter\Boot::bootWeb()
 8 SYSTEMPATH\rewrite.php(44): require_once('C:\\codes\\prime-connects\\backend\\public\\index.php')
CRITICAL - 2026-03-03 13:15:52 --> ErrorException: Maximum execution time of 30 seconds exceeded
[Method: POST, Route: api/categories]
in SYSTEMPATH\Database\MySQLi\Connection.php on line 300.
 1 [internal function]: CodeIgniter\Debug\Exceptions->shutdownHandler()
ERROR - 2026-03-03 13:23:30 --> Duplicate entry 'TD-001' for key 'sku'
in SYSTEMPATH\Database\MySQLi\Connection.php on line 300.
 1 SYSTEMPATH\Database\MySQLi\Connection.php(300): mysqli->query()
 2 SYSTEMPATH\Database\BaseConnection.php(769): CodeIgniter\Database\MySQLi\Connection->execute()
 3 SYSTEMPATH\Database\BaseConnection.php(686): CodeIgniter\Database\BaseConnection->simpleQuery()
 4 SYSTEMPATH\Database\BaseBuilder.php(2345): CodeIgniter\Database\BaseConnection->query()
 5 SYSTEMPATH\Model.php(356): CodeIgniter\Database\BaseBuilder->insert()
 6 SYSTEMPATH\BaseModel.php(898): CodeIgniter\Model->doInsert()
 7 SYSTEMPATH\Model.php(665): CodeIgniter\BaseModel->insert()
 8 APPPATH\Controllers\Api\Products.php(65): CodeIgniter\Model->insert()
 9 SYSTEMPATH\CodeIgniter.php(951): App\Controllers\Api\Products->create()
10 SYSTEMPATH\CodeIgniter.php(497): CodeIgniter\CodeIgniter->runController()
11 SYSTEMPATH\CodeIgniter.php(340): CodeIgniter\CodeIgniter->handleRequest()
12 SYSTEMPATH\Boot.php(417): CodeIgniter\CodeIgniter->run()
13 SYSTEMPATH\Boot.php(68): CodeIgniter\Boot::runCodeIgniter()
14 FCPATH\index.php(59): CodeIgniter\Boot::bootWeb()
15 SYSTEMPATH\rewrite.php(44): require_once('C:\\codes\\prime-connects\\backend\\public\\index.php')
CRITICAL - 2026-03-03 13:23:30 --> CodeIgniter\Database\Exceptions\DatabaseException: Duplicate entry 'TD-001' for key 'sku'
[Method: POST, Route: api/products]
in SYSTEMPATH\Database\BaseConnection.php on line 724.
 1 SYSTEMPATH\Database\BaseBuilder.php(2345): CodeIgniter\Database\BaseConnection->query()
 2 SYSTEMPATH\Model.php(356): CodeIgniter\Database\BaseBuilder->insert()
 3 SYSTEMPATH\BaseModel.php(898): CodeIgniter\Model->doInsert()
 4 SYSTEMPATH\Model.php(665): CodeIgniter\BaseModel->insert()
 5 APPPATH\Controllers\Api\Products.php(65): CodeIgniter\Model->insert()
 6 SYSTEMPATH\CodeIgniter.php(951): App\Controllers\Api\Products->create()
 7 SYSTEMPATH\CodeIgniter.php(497): CodeIgniter\CodeIgniter->runController()
 8 SYSTEMPATH\CodeIgniter.php(340): CodeIgniter\CodeIgniter->handleRequest()
 9 SYSTEMPATH\Boot.php(417): CodeIgniter\CodeIgniter->run()
10 SYSTEMPATH\Boot.php(68): CodeIgniter\Boot::runCodeIgniter()
11 FCPATH\index.php(59): CodeIgniter\Boot::bootWeb()
12 SYSTEMPATH\rewrite.php(44): require_once('C:\\codes\\prime-connects\\backend\\public\\index.php')
CRITICAL - 2026-03-03 13:23:30 --> [Caused by] CodeIgniter\Database\Exceptions\DatabaseException: Duplicate entry 'TD-001' for key 'sku'
in SYSTEMPATH\Database\MySQLi\Connection.php on line 310.
 1 SYSTEMPATH\Database\BaseConnection.php(769): CodeIgniter\Database\MySQLi\Connection->execute()
 2 SYSTEMPATH\Database\BaseConnection.php(686): CodeIgniter\Database\BaseConnection->simpleQuery()
 3 SYSTEMPATH\Database\BaseBuilder.php(2345): CodeIgniter\Database\BaseConnection->query()
 4 SYSTEMPATH\Model.php(356): CodeIgniter\Database\BaseBuilder->insert()
 5 SYSTEMPATH\BaseModel.php(898): CodeIgniter\Model->doInsert()
 6 SYSTEMPATH\Model.php(665): CodeIgniter\BaseModel->insert()
 7 APPPATH\Controllers\Api\Products.php(65): CodeIgniter\Model->insert()
 8 SYSTEMPATH\CodeIgniter.php(951): App\Controllers\Api\Products->create()
 9 SYSTEMPATH\CodeIgniter.php(497): CodeIgniter\CodeIgniter->runController()
10 SYSTEMPATH\CodeIgniter.php(340): CodeIgniter\CodeIgniter->handleRequest()
11 SYSTEMPATH\Boot.php(417): CodeIgniter\CodeIgniter->run()
12 SYSTEMPATH\Boot.php(68): CodeIgniter\Boot::runCodeIgniter()
13 FCPATH\index.php(59): CodeIgniter\Boot::bootWeb()
14 SYSTEMPATH\rewrite.php(44): require_once('C:\\codes\\prime-connects\\backend\\public\\index.php')
CRITICAL - 2026-03-03 13:23:30 --> [Caused by] mysqli_sql_exception: Duplicate entry 'TD-001' for key 'sku'
in SYSTEMPATH\Database\MySQLi\Connection.php on line 300.
 1 SYSTEMPATH\Database\MySQLi\Connection.php(300): mysqli->query()
 2 SYSTEMPATH\Database\BaseConnection.php(769): CodeIgniter\Database\MySQLi\Connection->execute()
 3 SYSTEMPATH\Database\BaseConnection.php(686): CodeIgniter\Database\BaseConnection->simpleQuery()
 4 SYSTEMPATH\Database\BaseBuilder.php(2345): CodeIgniter\Database\BaseConnection->query()
 5 SYSTEMPATH\Model.php(356): CodeIgniter\Database\BaseBuilder->insert()
 6 SYSTEMPATH\BaseModel.php(898): CodeIgniter\Model->doInsert()
 7 SYSTEMPATH\Model.php(665): CodeIgniter\BaseModel->insert()
 8 APPPATH\Controllers\Api\Products.php(65): CodeIgniter\Model->insert()
 9 SYSTEMPATH\CodeIgniter.php(951): App\Controllers\Api\Products->create()
10 SYSTEMPATH\CodeIgniter.php(497): CodeIgniter\CodeIgniter->runController()
11 SYSTEMPATH\CodeIgniter.php(340): CodeIgniter\CodeIgniter->handleRequest()
12 SYSTEMPATH\Boot.php(417): CodeIgniter\CodeIgniter->run()
13 SYSTEMPATH\Boot.php(68): CodeIgniter\Boot::runCodeIgniter()
14 FCPATH\index.php(59): CodeIgniter\Boot::bootWeb()
15 SYSTEMPATH\rewrite.php(44): require_once('C:\\codes\\prime-connects\\backend\\public\\index.php')
ERROR - 2026-03-03 13:25:01 --> Email: Unable to send email using SMTP. Your server might not be configured to send mail using this method.
ERROR - 2026-03-03 13:25:01 --> 220 ESMTP smtp.hostinger.com

hello: 250-smtp.hostinger.com
250-PIPELINING
250-SIZE 48811212
250-ETRN
250-STARTTLS
250-AUTH PLAIN LOGIN
250-ENHANCEDSTATUSCODES
250-8BITMIME
250-DSN
250 CHUNKING

starttls: 220 2.0.0 Ready to start TLS

hello: 250-smtp.hostinger.com
250-PIPELINING
250-SIZE 48811212
250-ETRN
250-AUTH PLAIN LOGIN
250-ENHANCEDSTATUSCODES
250-8BITMIME
250-DSN
250 CHUNKING

Failed to authenticate password. Error: 535 5.7.8 Error: authentication failed: (reason unavailable)

